{"/Users/azwadrashid/Desktop/Projects/new/SDET/todo-web-app/src/components/AddToDo.jsx": {"path":"/Users/azwadrashid/Desktop/Projects/new/SDET/todo-web-app/src/components/AddToDo.jsx","statementMap":{"0":{"start":{"line":3,"column":16},"end":{"line":40,"column":1}},"1":{"start":{"line":4,"column":26},"end":{"line":4,"column":38}},"2":{"start":{"line":5,"column":40},"end":{"line":5,"column":52}},"3":{"start":{"line":6,"column":32},"end":{"line":6,"column":44}},"4":{"start":{"line":8,"column":23},"end":{"line":15,"column":3}},"5":{"start":{"line":9,"column":4},"end":{"line":9,"column":23}},"6":{"start":{"line":10,"column":4},"end":{"line":10,"column":22}},"7":{"start":{"line":10,"column":15},"end":{"line":10,"column":22}},"8":{"start":{"line":11,"column":4},"end":{"line":11,"column":42}},"9":{"start":{"line":12,"column":4},"end":{"line":12,"column":16}},"10":{"start":{"line":13,"column":4},"end":{"line":13,"column":23}},"11":{"start":{"line":14,"column":4},"end":{"line":14,"column":19}},"12":{"start":{"line":17,"column":2},"end":{"line":39,"column":4}},"13":{"start":{"line":23,"column":25},"end":{"line":23,"column":48}},"14":{"start":{"line":28,"column":25},"end":{"line":28,"column":55}},"15":{"start":{"line":35,"column":25},"end":{"line":35,"column":51}}},"fnMap":{"0":{"name":"(anonymous_0)","decl":{"start":{"line":3,"column":16},"end":{"line":3,"column":17}},"loc":{"start":{"line":3,"column":31},"end":{"line":40,"column":1}},"line":3},"1":{"name":"(anonymous_1)","decl":{"start":{"line":8,"column":23},"end":{"line":8,"column":24}},"loc":{"start":{"line":8,"column":30},"end":{"line":15,"column":3}},"line":8},"2":{"name":"(anonymous_2)","decl":{"start":{"line":23,"column":18},"end":{"line":23,"column":19}},"loc":{"start":{"line":23,"column":25},"end":{"line":23,"column":48}},"line":23},"3":{"name":"(anonymous_3)","decl":{"start":{"line":28,"column":18},"end":{"line":28,"column":19}},"loc":{"start":{"line":28,"column":25},"end":{"line":28,"column":55}},"line":28},"4":{"name":"(anonymous_4)","decl":{"start":{"line":35,"column":18},"end":{"line":35,"column":19}},"loc":{"start":{"line":35,"column":25},"end":{"line":35,"column":51}},"line":35}},"branchMap":{"0":{"loc":{"start":{"line":10,"column":4},"end":{"line":10,"column":22}},"type":"if","locations":[{"start":{"line":10,"column":4},"end":{"line":10,"column":22}},{"start":{},"end":{}}],"line":10}},"s":{"0":1,"1":10,"2":10,"3":10,"4":10,"5":2,"6":2,"7":1,"8":1,"9":1,"10":1,"11":1,"12":10,"13":2,"14":2,"15":1},"f":{"0":10,"1":2,"2":2,"3":2,"4":1},"b":{"0":[1,1]},"_coverageSchema":"1a1c01bbd47fc00a2c39e90264f33305004495a9","hash":"d547b8f5a01a8b161501579d6b6b58dcb16dcbea"}
,"/Users/azwadrashid/Desktop/Projects/new/SDET/todo-web-app/src/components/Modal.jsx": {"path":"/Users/azwadrashid/Desktop/Projects/new/SDET/todo-web-app/src/components/Modal.jsx","statementMap":{"0":{"start":{"line":4,"column":14},"end":{"line":66,"column":1}},"1":{"start":{"line":5,"column":26},"end":{"line":5,"column":38}},"2":{"start":{"line":6,"column":40},"end":{"line":6,"column":52}},"3":{"start":{"line":7,"column":32},"end":{"line":7,"column":44}},"4":{"start":{"line":9,"column":2},"end":{"line":17,"column":13}},"5":{"start":{"line":10,"column":4},"end":{"line":16,"column":5}},"6":{"start":{"line":11,"column":6},"end":{"line":11,"column":25}},"7":{"start":{"line":12,"column":6},"end":{"line":12,"column":39}},"8":{"start":{"line":13,"column":6},"end":{"line":15,"column":8}},"9":{"start":{"line":19,"column":2},"end":{"line":21,"column":3}},"10":{"start":{"line":20,"column":4},"end":{"line":20,"column":16}},"11":{"start":{"line":23,"column":21},"end":{"line":31,"column":3}},"12":{"start":{"line":24,"column":24},"end":{"line":29,"column":5}},"13":{"start":{"line":30,"column":4},"end":{"line":30,"column":24}},"14":{"start":{"line":33,"column":2},"end":{"line":65,"column":4}},"15":{"start":{"line":41,"column":29},"end":{"line":41,"column":52}},"16":{"start":{"line":46,"column":29},"end":{"line":46,"column":59}},"17":{"start":{"line":52,"column":29},"end":{"line":52,"column":55}}},"fnMap":{"0":{"name":"(anonymous_0)","decl":{"start":{"line":4,"column":14},"end":{"line":4,"column":15}},"loc":{"start":{"line":4,"column":51},"end":{"line":66,"column":1}},"line":4},"1":{"name":"(anonymous_1)","decl":{"start":{"line":9,"column":12},"end":{"line":9,"column":13}},"loc":{"start":{"line":9,"column":18},"end":{"line":17,"column":3}},"line":9},"2":{"name":"(anonymous_2)","decl":{"start":{"line":23,"column":21},"end":{"line":23,"column":22}},"loc":{"start":{"line":23,"column":27},"end":{"line":31,"column":3}},"line":23},"3":{"name":"(anonymous_3)","decl":{"start":{"line":41,"column":22},"end":{"line":41,"column":23}},"loc":{"start":{"line":41,"column":29},"end":{"line":41,"column":52}},"line":41},"4":{"name":"(anonymous_4)","decl":{"start":{"line":46,"column":22},"end":{"line":46,"column":23}},"loc":{"start":{"line":46,"column":29},"end":{"line":46,"column":59}},"line":46},"5":{"name":"(anonymous_5)","decl":{"start":{"line":52,"column":22},"end":{"line":52,"column":23}},"loc":{"start":{"line":52,"column":29},"end":{"line":52,"column":55}},"line":52}},"branchMap":{"0":{"loc":{"start":{"line":10,"column":4},"end":{"line":16,"column":5}},"type":"if","locations":[{"start":{"line":10,"column":4},"end":{"line":16,"column":5}},{"start":{},"end":{}}],"line":10},"1":{"loc":{"start":{"line":14,"column":8},"end":{"line":14,"column":77}},"type":"cond-expr","locations":[{"start":{"line":14,"column":23},"end":{"line":14,"column":72}},{"start":{"line":14,"column":75},"end":{"line":14,"column":77}}],"line":14},"2":{"loc":{"start":{"line":19,"column":2},"end":{"line":21,"column":3}},"type":"if","locations":[{"start":{"line":19,"column":2},"end":{"line":21,"column":3}},{"start":{},"end":{}}],"line":19},"3":{"loc":{"start":{"line":28,"column":15},"end":{"line":28,"column":61}},"type":"cond-expr","locations":[{"start":{"line":28,"column":25},"end":{"line":28,"column":56}},{"start":{"line":28,"column":59},"end":{"line":28,"column":61}}],"line":28}},"s":{"0":1,"1":7,"2":7,"3":7,"4":7,"5":3,"6":3,"7":3,"8":3,"9":7,"10":0,"11":7,"12":1,"13":1,"14":7,"15":1,"16":0,"17":0},"f":{"0":7,"1":3,"2":1,"3":1,"4":0,"5":0},"b":{"0":[3,0],"1":[3,0],"2":[0,7],"3":[1,0]},"_coverageSchema":"1a1c01bbd47fc00a2c39e90264f33305004495a9","hash":"fb158c01bcf34eb21fb4f6952c966207eea0c4d7"}
,"/Users/azwadrashid/Desktop/Projects/new/SDET/todo-web-app/src/components/ToDo.jsx": {"path":"/Users/azwadrashid/Desktop/Projects/new/SDET/todo-web-app/src/components/ToDo.jsx","statementMap":{"0":{"start":{"line":5,"column":13},"end":{"line":99,"column":1}},"1":{"start":{"line":6,"column":38},"end":{"line":6,"column":53}},"2":{"start":{"line":7,"column":36},"end":{"line":7,"column":48}},"3":{"start":{"line":9,"column":29},"end":{"line":17,"column":3}},"4":{"start":{"line":10,"column":4},"end":{"line":16,"column":5}},"5":{"start":{"line":15,"column":6},"end":{"line":15,"column":33}},"6":{"start":{"line":19,"column":2},"end":{"line":54,"column":37}},"7":{"start":{"line":20,"column":4},"end":{"line":23,"column":5}},"8":{"start":{"line":21,"column":6},"end":{"line":21,"column":34}},"9":{"start":{"line":22,"column":6},"end":{"line":22,"column":13}},"10":{"start":{"line":25,"column":4},"end":{"line":28,"column":5}},"11":{"start":{"line":26,"column":6},"end":{"line":26,"column":32}},"12":{"start":{"line":27,"column":6},"end":{"line":27,"column":13}},"13":{"start":{"line":30,"column":28},"end":{"line":48,"column":5}},"14":{"start":{"line":31,"column":18},"end":{"line":31,"column":28}},"15":{"start":{"line":32,"column":22},"end":{"line":32,"column":44}},"16":{"start":{"line":33,"column":25},"end":{"line":33,"column":38}},"17":{"start":{"line":35,"column":6},"end":{"line":38,"column":7}},"18":{"start":{"line":36,"column":8},"end":{"line":36,"column":33}},"19":{"start":{"line":37,"column":8},"end":{"line":37,"column":15}},"20":{"start":{"line":40,"column":19},"end":{"line":40,"column":65}},"21":{"start":{"line":41,"column":20},"end":{"line":43,"column":7}},"22":{"start":{"line":44,"column":22},"end":{"line":44,"column":79}},"23":{"start":{"line":45,"column":22},"end":{"line":45,"column":67}},"24":{"start":{"line":47,"column":6},"end":{"line":47,"column":68}},"25":{"start":{"line":50,"column":4},"end":{"line":50,"column":22}},"26":{"start":{"line":51,"column":21},"end":{"line":51,"column":55}},"27":{"start":{"line":53,"column":4},"end":{"line":53,"column":41}},"28":{"start":{"line":53,"column":17},"end":{"line":53,"column":40}},"29":{"start":{"line":56,"column":2},"end":{"line":98,"column":4}},"30":{"start":{"line":66,"column":12},"end":{"line":66,"column":32}},"31":{"start":{"line":67,"column":12},"end":{"line":67,"column":30}},"32":{"start":{"line":75,"column":12},"end":{"line":75,"column":32}},"33":{"start":{"line":76,"column":12},"end":{"line":76,"column":25}},"34":{"start":{"line":84,"column":12},"end":{"line":84,"column":32}},"35":{"start":{"line":85,"column":12},"end":{"line":85,"column":30}}},"fnMap":{"0":{"name":"(anonymous_0)","decl":{"start":{"line":5,"column":13},"end":{"line":5,"column":14}},"loc":{"start":{"line":5,"column":55},"end":{"line":99,"column":1}},"line":5},"1":{"name":"(anonymous_1)","decl":{"start":{"line":9,"column":29},"end":{"line":9,"column":30}},"loc":{"start":{"line":9,"column":36},"end":{"line":17,"column":3}},"line":9},"2":{"name":"(anonymous_2)","decl":{"start":{"line":19,"column":12},"end":{"line":19,"column":13}},"loc":{"start":{"line":19,"column":18},"end":{"line":54,"column":3}},"line":19},"3":{"name":"(anonymous_3)","decl":{"start":{"line":30,"column":28},"end":{"line":30,"column":29}},"loc":{"start":{"line":30,"column":34},"end":{"line":48,"column":5}},"line":30},"4":{"name":"(anonymous_4)","decl":{"start":{"line":53,"column":11},"end":{"line":53,"column":12}},"loc":{"start":{"line":53,"column":17},"end":{"line":53,"column":40}},"line":53},"5":{"name":"(anonymous_5)","decl":{"start":{"line":65,"column":20},"end":{"line":65,"column":21}},"loc":{"start":{"line":65,"column":27},"end":{"line":68,"column":11}},"line":65},"6":{"name":"(anonymous_6)","decl":{"start":{"line":74,"column":19},"end":{"line":74,"column":20}},"loc":{"start":{"line":74,"column":26},"end":{"line":77,"column":11}},"line":74},"7":{"name":"(anonymous_7)","decl":{"start":{"line":83,"column":19},"end":{"line":83,"column":20}},"loc":{"start":{"line":83,"column":26},"end":{"line":86,"column":11}},"line":83}},"branchMap":{"0":{"loc":{"start":{"line":10,"column":4},"end":{"line":16,"column":5}},"type":"if","locations":[{"start":{"line":10,"column":4},"end":{"line":16,"column":5}},{"start":{},"end":{}}],"line":10},"1":{"loc":{"start":{"line":11,"column":6},"end":{"line":13,"column":32}},"type":"binary-expr","locations":[{"start":{"line":11,"column":6},"end":{"line":11,"column":44}},{"start":{"line":12,"column":6},"end":{"line":12,"column":35}},{"start":{"line":13,"column":6},"end":{"line":13,"column":32}}],"line":11},"2":{"loc":{"start":{"line":20,"column":4},"end":{"line":23,"column":5}},"type":"if","locations":[{"start":{"line":20,"column":4},"end":{"line":23,"column":5}},{"start":{},"end":{}}],"line":20},"3":{"loc":{"start":{"line":25,"column":4},"end":{"line":28,"column":5}},"type":"if","locations":[{"start":{"line":25,"column":4},"end":{"line":28,"column":5}},{"start":{},"end":{}}],"line":25},"4":{"loc":{"start":{"line":35,"column":6},"end":{"line":38,"column":7}},"type":"if","locations":[{"start":{"line":35,"column":6},"end":{"line":38,"column":7}},{"start":{},"end":{}}],"line":35},"5":{"loc":{"start":{"line":58,"column":25},"end":{"line":58,"column":58}},"type":"cond-expr","locations":[{"start":{"line":58,"column":42},"end":{"line":58,"column":53}},{"start":{"line":58,"column":56},"end":{"line":58,"column":58}}],"line":58},"6":{"loc":{"start":{"line":91,"column":7},"end":{"line":96,"column":7}},"type":"binary-expr","locations":[{"start":{"line":91,"column":7},"end":{"line":91,"column":17}},{"start":{"line":92,"column":8},"end":{"line":95,"column":14}}],"line":91}},"s":{"0":1,"1":11,"2":11,"3":11,"4":2,"5":1,"6":11,"7":5,"8":1,"9":1,"10":4,"11":0,"12":0,"13":4,"14":4,"15":4,"16":4,"17":4,"18":0,"19":0,"20":4,"21":4,"22":4,"23":4,"24":4,"25":4,"26":4,"27":4,"28":4,"29":11,"30":1,"31":1,"32":1,"33":1,"34":1,"35":1},"f":{"0":11,"1":2,"2":5,"3":4,"4":4,"5":1,"6":1,"7":1},"b":{"0":[1,1],"1":[2,1,1],"2":[1,4],"3":[0,4],"4":[0,4],"5":[0,11],"6":[11,1]},"_coverageSchema":"1a1c01bbd47fc00a2c39e90264f33305004495a9","hash":"9448f51c5a00a6a8990c3d8f0acf2d17550519d0"}
,"/Users/azwadrashid/Desktop/Projects/new/SDET/todo-web-app/src/components/ToDoList.jsx": {"path":"/Users/azwadrashid/Desktop/Projects/new/SDET/todo-web-app/src/components/ToDoList.jsx","statementMap":{"0":{"start":{"line":4,"column":17},"end":{"line":18,"column":1}},"1":{"start":{"line":5,"column":2},"end":{"line":17,"column":4}},"2":{"start":{"line":8,"column":8},"end":{"line":14,"column":10}}},"fnMap":{"0":{"name":"(anonymous_0)","decl":{"start":{"line":4,"column":17},"end":{"line":4,"column":18}},"loc":{"start":{"line":4,"column":60},"end":{"line":18,"column":1}},"line":4},"1":{"name":"(anonymous_1)","decl":{"start":{"line":7,"column":17},"end":{"line":7,"column":18}},"loc":{"start":{"line":8,"column":8},"end":{"line":14,"column":10}},"line":8}},"branchMap":{},"s":{"0":1,"1":4,"2":8},"f":{"0":4,"1":8},"b":{},"_coverageSchema":"1a1c01bbd47fc00a2c39e90264f33305004495a9","hash":"97ae2a9d0dca005d3452595556fafc0b784980bf"}
}
