TN:
SF:src/components/AddToDo.jsx
FN:3,(anonymous_0)
FN:8,(anonymous_1)
FN:23,(anonymous_2)
FN:28,(anonymous_3)
FN:35,(anonymous_4)
FNF:5
FNH:5
FNDA:10,(anonymous_0)
FNDA:2,(anonymous_1)
FNDA:2,(anonymous_2)
FNDA:2,(anonymous_3)
FNDA:1,(anonymous_4)
DA:3,1
DA:4,10
DA:5,10
DA:6,10
DA:8,10
DA:9,2
DA:10,2
DA:11,1
DA:12,1
DA:13,1
DA:14,1
DA:17,10
DA:23,2
DA:28,2
DA:35,1
LF:15
LH:15
BRDA:10,0,0,1
BRDA:10,0,1,1
BRF:2
BRH:2
end_of_record
TN:
SF:src/components/Modal.jsx
FN:4,(anonymous_0)
FN:9,(anonymous_1)
FN:23,(anonymous_2)
FN:41,(anonymous_3)
FN:46,(anonymous_4)
FN:52,(anonymous_5)
FNF:6
FNH:4
FNDA:7,(anonymous_0)
FNDA:3,(anonymous_1)
FNDA:1,(anonymous_2)
FNDA:1,(anonymous_3)
FNDA:0,(anonymous_4)
FNDA:0,(anonymous_5)
DA:4,1
DA:5,7
DA:6,7
DA:7,7
DA:9,7
DA:10,3
DA:11,3
DA:12,3
DA:13,3
DA:19,7
DA:20,0
DA:23,7
DA:24,1
DA:30,1
DA:33,7
DA:41,1
DA:46,0
DA:52,0
LF:18
LH:15
BRDA:10,0,0,3
BRDA:10,0,1,0
BRDA:14,1,0,3
BRDA:14,1,1,0
BRDA:19,2,0,0
BRDA:19,2,1,7
BRDA:28,3,0,1
BRDA:28,3,1,0
BRF:8
BRH:4
end_of_record
TN:
SF:src/components/ToDo.jsx
FN:5,(anonymous_0)
FN:9,(anonymous_1)
FN:19,(anonymous_2)
FN:30,(anonymous_3)
FN:53,(anonymous_4)
FN:65,(anonymous_5)
FN:74,(anonymous_6)
FN:83,(anonymous_7)
FNF:8
FNH:8
FNDA:11,(anonymous_0)
FNDA:2,(anonymous_1)
FNDA:5,(anonymous_2)
FNDA:4,(anonymous_3)
FNDA:4,(anonymous_4)
FNDA:1,(anonymous_5)
FNDA:1,(anonymous_6)
FNDA:1,(anonymous_7)
DA:5,1
DA:6,11
DA:7,11
DA:9,11
DA:10,2
DA:15,1
DA:19,11
DA:20,5
DA:21,1
DA:22,1
DA:25,4
DA:26,0
DA:27,0
DA:30,4
DA:31,4
DA:32,4
DA:33,4
DA:35,4
DA:36,0
DA:37,0
DA:40,4
DA:41,4
DA:44,4
DA:45,4
DA:47,4
DA:50,4
DA:51,4
DA:53,4
DA:56,11
DA:66,1
DA:67,1
DA:75,1
DA:76,1
DA:84,1
DA:85,1
LF:35
LH:31
BRDA:10,0,0,1
BRDA:10,0,1,1
BRDA:11,1,0,2
BRDA:11,1,1,1
BRDA:11,1,2,1
BRDA:20,2,0,1
BRDA:20,2,1,4
BRDA:25,3,0,0
BRDA:25,3,1,4
BRDA:35,4,0,0
BRDA:35,4,1,4
BRDA:58,5,0,0
BRDA:58,5,1,11
BRDA:91,6,0,11
BRDA:91,6,1,1
BRF:15
BRH:12
end_of_record
TN:
SF:src/components/ToDoList.jsx
FN:4,(anonymous_0)
FN:7,(anonymous_1)
FNF:2
FNH:2
FNDA:4,(anonymous_0)
FNDA:8,(anonymous_1)
DA:4,1
DA:5,4
DA:8,8
LF:3
LH:3
BRF:0
BRH:0
end_of_record
